<?xml version="1.0" encoding="UTF-8"?>
<testng-results skipped="0" failed="0" total="1" passed="1">
  <reporter-output>
  </reporter-output>
  <suite name="Suite" duration-ms="50909" started-at="2019-07-12T13:10:19Z" finished-at="2019-07-12T13:11:10Z">
    <groups>
    </groups>
    <test name="Test" duration-ms="50909" started-at="2019-07-12T13:10:19Z" finished-at="2019-07-12T13:11:10Z">
      <class name="cmdmavenproject2.TestMaven">
        <test-method status="PASS" signature="display()[pri:0, instance:cmdmavenproject2.TestMaven@62043840]" name="display" duration-ms="50890" started-at="2019-07-12T18:40:19Z" finished-at="2019-07-12T18:41:10Z">
          <reporter-output>
          </reporter-output>
        </test-method> <!-- display -->
      </class> <!-- cmdmavenproject2.TestMaven -->
    </test> <!-- Test -->
  </suite> <!-- Suite -->
</testng-results>
